
Showing logs for build [32mcb-kubecd-environment-pr-177-94-xc22k-1[0m stage [32mfrom-build-pack[0m and container [32mstep-credential-initializer-f4zw6[0m
{"level":"warn","ts":1583714165.3862426,"logger":"fallback-logger","caller":"logging/config.go:69","msg":"Fetch GitHub commit ID from kodata failed: \"ref: refs/heads/0.8.0-**-support-backwards-incompats\" is not a valid GitHub commit ID"}
{"level":"info","ts":1583714165.3889062,"logger":"fallback-logger","caller":"creds-init/main.go:40","msg":"Credentials initialized."}

Showing logs for build [32mcb-kubecd-environment-pr-177-94-xc22k-1[0m stage [32mfrom-build-pack[0m and container [32mstep-working-dir-initializer-8sr2m[0m
{"level":"warn","ts":1583714166.833916,"logger":"fallback-logger","caller":"logging/config.go:69","msg":"Fetch GitHub commit ID from kodata failed: open /var/run/ko/HEAD: no such file or directory"}
{"level":"info","ts":1583714166.837182,"logger":"fallback-logger","caller":"bash/main.go:64","msg":"Successfully executed command \"sh -c mkdir -p /workspace/source\"; output "}

Showing logs for build [32mcb-kubecd-environment-pr-177-94-xc22k-1[0m stage [32mfrom-build-pack[0m and container [32mstep-place-tools[0m

Showing logs for build [32mcb-kubecd-environment-pr-177-94-xc22k-1[0m stage [32mfrom-build-pack[0m and container [32mstep-git-source-cb-kubecd-environment-pr-177-94-xc22k-mm2xm[0m
{"level":"warn","ts":1583714171.8952804,"logger":"fallback-logger","caller":"logging/config.go:69","msg":"Fetch GitHub commit ID from kodata failed: \"ref: refs/heads/0.8.0-**-support-backwards-incompats\" is not a valid GitHub commit ID"}
{"level":"info","ts":1583714172.9923015,"logger":"fallback-logger","caller":"git/git.go:103","msg":"Successfully cloned https://github.com/cb-kubecd/environment-pr-177-94-boot-vault-gke-staging.git @ master in path /workspace/source"}

Showing logs for build [32mcb-kubecd-environment-pr-177-94-xc22k-1[0m stage [32mfrom-build-pack[0m and container [32mstep-git-merge[0m
Using SHAs from PULL_REFS=master:a71765f2f24f6a618f424a0d3817ae80e9bcdd51,1:21dc932eb0cf6ceb2ad172f4fa1f402f665bb0da
DEBUG: LC_ALL=C JX_LOG_LEVEL=error git fetch origin --unshallow 21dc932eb0cf6ceb2ad172f4fa1f402f665bb0da: a71765f2f24f6a618f424a0d3817ae80e9bcdd51:
DEBUG: ran git fetch --unshallow origin 21dc932eb0cf6ceb2ad172f4fa1f402f665bb0da: a71765f2f24f6a618f424a0d3817ae80e9bcdd51: in 
DEBUG: LC_ALL=C JX_LOG_LEVEL=error git branch
DEBUG: LC_ALL=C JX_LOG_LEVEL=error git checkout master
DEBUG: ran git checkout master in 
DEBUG: LC_ALL=C JX_LOG_LEVEL=error git reset --hard a71765f2f24f6a618f424a0d3817ae80e9bcdd51
DEBUG: ran git reset --hard a71765f2f24f6a618f424a0d3817ae80e9bcdd51 in 
DEBUG: LC_ALL=C JX_LOG_LEVEL=error git clean -fd .
DEBUG: ran clean --force -d . in 
DEBUG: LC_ALL=C JX_LOG_LEVEL=error git merge 21dc932eb0cf6ceb2ad172f4fa1f402f665bb0da
DEBUG: ran git merge 21dc932eb0cf6ceb2ad172f4fa1f402f665bb0da in 
DEBUG: LC_ALL=C JX_LOG_LEVEL=error git log --format=%H%x1f%an%x1f%ae%x1f%cn%x1f%ce%x1f%s%n%b%x1e a71765f2f24f6a618f424a0d3817ae80e9bcdd51..HEAD
Merged SHA 21dc932eb0cf6ceb2ad172f4fa1f402f665bb0da with commit message 'chore: Promote bdd-spring-1583713760 to version 0.0.1' into base branch master

Showing logs for build [32mcb-kubecd-environment-pr-177-94-xc22k-1[0m stage [32mfrom-build-pack[0m and container [32mstep-build-helm-build[0m
WARNING: No $CHART_REPOSITORY defined so using the default value of: http://jenkins-x-chartmuseum:8080
Adding missing Helm repo: storage.googleapis.com https://storage.googleapis.com/chartmuseum.jenkins-x.io
WARNING: No secrets found on "helm/repos" due: reading the secret "helm/repos" from vault: no secret "helm/repos" not found in vault
Read credentials for https://storage.googleapis.com/chartmuseum.jenkins-x.io from vault helm/repos
Successfully added Helm repository storage.googleapis.com.
Adding missing Helm repo: jenkins-x-chartmuseum http://jenkins-x-chartmuseum:8080
WARNING: No secrets found on "helm/repos" due: reading the secret "helm/repos" from vault: no secret "helm/repos" not found in vault
Read credentials for http://jenkins-x-chartmuseum:8080 from vault helm/repos
Successfully added Helm repository jenkins-x-chartmuseum.
WARNING: No $CHART_REPOSITORY defined so using the default value of: http://jenkins-x-chartmuseum:8080
Adding missing Helm repo: chartmuseum.jenkins-x.io http://chartmuseum.jenkins-x.io
WARNING: No secrets found on "helm/repos" due: reading the secret "helm/repos" from vault: no secret "helm/repos" not found in vault
Read credentials for http://chartmuseum.jenkins-x.io from vault helm/repos
Successfully added Helm repository chartmuseum.jenkins-x.io.
